<?xml version="1.0" encoding="UTF-8"?>
<!-- Generated by org.testng.reporters.JUnitXMLReporter -->
<testsuite ignored="0" hostname="arreliny" failures="1" tests="1" name="Alchemy Hint Tests" time="29.999" errors="0" timestamp="2026-02-28T11:12:28 MSK">
  <testcase classname="com.alchemy.AlchemyHintTest" name="hintCountShouldIncreaseBy2AfterWatchingAd" time="27.985">
    <failure type="java.lang.AssertionError" message="Hint count should be 4 after watching ad, but was 30 expected [4] but found [30]">
      <![CDATA[java.lang.AssertionError: Hint count should be 4 after watching ad, but was 30 expected [4] but found [30]
at com.alchemy.AlchemyHintTest.hintCountShouldIncreaseBy2AfterWatchingAd(AlchemyHintTest.java:28)
at java.base/java.util.ArrayList.forEach(ArrayList.java:1604)
... Removed 35 stack frames]]>
    </failure>
  </testcase> <!-- hintCountShouldIncreaseBy2AfterWatchingAd -->
</testsuite> <!-- Alchemy Hint Tests -->
