<?xml version="1.0" encoding="UTF-8"?>
<!-- Generated by org.testng.reporters.JUnitXMLReporter -->
<testsuite ignored="0" hostname="arreliny" failures="0" tests="3" name="Surefire test" time="47.605" errors="0" timestamp="2026-03-02T12:28:38 MSK">
  <testcase classname="com.vkvideo.VideoPlaybackTest" name="videoProgressShouldAdvance" time="19.359"/>
  <testcase classname="com.vkvideo.VideoPlaybackTest" name="videoShouldFailGracefullyWithoutNetwork" time="11.122">
    <skipped/>
  </testcase> <!-- videoShouldFailGracefullyWithoutNetwork -->
  <testcase classname="com.vkvideo.VideoPlaybackTest" name="videoShouldPlay" time="15.102"/>
</testsuite> <!-- Surefire test -->
