<?xml version="1.0" encoding="UTF-8"?>
<testsuite xmlns:xsi="http://www.w3.org/2001/XMLSchema-instance" xsi:noNamespaceSchemaLocation="https://maven.apache.org/surefire/maven-surefire-plugin/xsd/surefire-test-report-3.0.xsd" version="3.0" name="com.vkvideo.VideoPlaybackTest" time="47.722" tests="3" errors="0" skipped="1" failures="0">
  <properties>
[...]
</properties>
  <testcase name="videoProgressShouldAdvance" classname="com.vkvideo.VideoPlaybackTest" time="19.358">
    <system-err><![CDATA[[main] INFO com.codeborne.selenide.impl.Plugins - Using implementation of com.codeborne.selenide.impl.PageSourceExtractor: com.codeborne.selenide.appium.AppiumScreenSourceExtractor
[main] INFO com.codeborne.selenide.impl.Plugins - Using implementation of com.codeborne.selenide.impl.PageObjectFactory: com.codeborne.selenide.appium.SelenideAppiumPageFactory
[main] INFO com.codeborne.selenide.impl.Plugins - Using implementation of com.codeborne.selenide.impl.ElementDescriber: com.codeborne.selenide.appium.AppiumElementDescriber
[main] INFO com.codeborne.selenide.impl.Plugins - Using implementation of com.codeborne.selenide.commands.Commands: com.codeborne.selenide.appium.commands.SelenideAppiumCommands
[main] INFO com.codeborne.selenide.impl.Plugins - Using implementation of com.codeborne.selenide.impl.ElementCommunicator: com.codeborne.selenide.appium.AppiumElementCommunicator
]]></system-err>
  </testcase>
  <testcase name="videoShouldFailGracefullyWithoutNetwork" classname="com.vkvideo.VideoPlaybackTest" time="0.0">
    <skipped message="Cannot disable WiFi on this device — skipping offline test"/>
  </testcase>
  <testcase name="videoShouldPlay" classname="com.vkvideo.VideoPlaybackTest" time="15.102"/>
</testsuite>