<?xml version="1.0" encoding="UTF-8"?>
<!-- Generated by org.testng.reporters.JUnitReportReporter -->
<testsuite hostname="arreliny" failures="0" tests="2" name="com.vkvideo.VideoPlaybackTest" time="26.325" errors="0" timestamp="2026-03-02T13:11:36 MSK" skipped="0">
  <testcase classname="com.vkvideo.VideoPlaybackTest" name="videoShouldPlay" time="21.710"/>
  <testcase classname="com.vkvideo.VideoPlaybackTest" name="videoShouldFailGracefullyWithoutNetwork" time="4.615"/>
</testsuite> <!-- com.vkvideo.VideoPlaybackTest -->
