<?xml version="1.0" encoding="UTF-8"?>
<!-- Generated by org.testng.reporters.JUnitXMLReporter -->
<testsuite ignored="0" hostname="arreliny" failures="0" tests="2" name="VK Video Playback Tests" time="29.133" errors="0" timestamp="2026-03-02T13:09:39 MSK">
  <testcase classname="com.vkvideo.VideoPlaybackTest" name="videoShouldPlay" time="21.688"/>
  <testcase classname="com.vkvideo.VideoPlaybackTest" name="videoShouldFailGracefullyWithoutNetwork" time="4.603"/>
</testsuite> <!-- VK Video Playback Tests -->
